TN:
SF:src\app\core\interceptors\error-response.interceptor.ts
FN:5,toApiError
FN:26,(anonymous_1)
FN:28,(anonymous_2)
FN:28,(anonymous_3)
FNF:4
FNH:4
FNDA:2,toApiError
FNDA:2,(anonymous_1)
FNDA:2,(anonymous_2)
FNDA:2,(anonymous_3)
DA:6,2
DA:8,2
DA:9,1
DA:19,1
DA:26,1
DA:27,2
DA:28,2
LF:7
LH:7
BRDA:8,0,0,1
BRDA:8,0,1,1
BRDA:8,1,0,2
BRDA:8,1,1,2
BRDA:8,1,2,1
BRDA:8,1,3,1
BRDA:10,2,0,1
BRDA:10,2,1,0
BRDA:21,3,0,1
BRDA:21,3,1,0
BRF:10
BRH:8
end_of_record
TN:
SF:src\app\features\catalog\data-access\product.service.ts
FN:12,getProducts
FNF:1
FNH:1
FNDA:2,getProducts
DA:8,2
DA:9,2
DA:10,2
DA:13,2
LF:4
LH:4
BRDA:8,0,0,2
BRDA:8,0,1,2
BRDA:8,1,0,2
BRDA:8,1,1,2
BRDA:8,1,2,2
BRF:5
BRH:5
end_of_record
TN:
SF:src\app\features\catalog\pages\product-catalog-page\product-catalog-page.html
FN:11,ProductCatalogPage_Conditional_1_Conditional_4_Template_ui_button_click_0_listener
FN:18,ProductCatalogPage_Conditional_2_Conditional_0_Template_ui_button_click_2_listener
FN:26,ProductCatalogPage_Conditional_2_Template_ui_product_grid_increment_2_listener
FN:26,ProductCatalogPage_Conditional_2_Template_ui_product_grid_decrement_2_listener
FN:43,ProductCatalogPage_Conditional_2_Template_ui_cart_sidebar_incrementItem_3_listener
FN:43,ProductCatalogPage_Conditional_2_Template_ui_cart_sidebar_decrementItem_3_listener
FN:44,ProductCatalogPage_Conditional_2_Template_ui_cart_sidebar_activateCoupon_3_listener
FN:45,ProductCatalogPage_Conditional_2_Template_ui_cart_sidebar_pay_3_listener
FNF:8
FNH:5
FNDA:2,ProductCatalogPage_Conditional_1_Conditional_4_Template_ui_button_click_0_listener
FNDA:0,ProductCatalogPage_Conditional_2_Conditional_0_Template_ui_button_click_2_listener
FNDA:2,ProductCatalogPage_Conditional_2_Template_ui_product_grid_increment_2_listener
FNDA:1,ProductCatalogPage_Conditional_2_Template_ui_product_grid_decrement_2_listener
FNDA:0,ProductCatalogPage_Conditional_2_Template_ui_cart_sidebar_incrementItem_3_listener
FNDA:0,ProductCatalogPage_Conditional_2_Template_ui_cart_sidebar_decrementItem_3_listener
FNDA:1,ProductCatalogPage_Conditional_2_Template_ui_cart_sidebar_activateCoupon_3_listener
FNDA:5,ProductCatalogPage_Conditional_2_Template_ui_cart_sidebar_pay_3_listener
DA:1,35
DA:2,1
DA:5,35
DA:6,3
DA:7,3
DA:8,4
DA:9,0
DA:11,3
DA:13,3
DA:15,31
DA:16,0
DA:17,0
DA:18,0
DA:21,18
DA:22,18
DA:24,31
DA:26,18
DA:29,18
DA:31,31
DA:43,18
DA:44,1
DA:45,5
LF:22
LH:18
BRDA:8,0,0,0
BRDA:8,0,1,4
BRDA:15,1,0,0
BRDA:15,1,1,31
BRDA:32,2,0,31
BRDA:32,2,1,27
BRDA:33,3,0,31
BRDA:33,3,1,27
BRDA:34,4,0,31
BRDA:34,4,1,27
BRDA:35,5,0,31
BRDA:35,5,1,27
BRDA:1,6,0,1
BRDA:1,6,1,34
BRDA:5,7,0,4
BRDA:5,7,1,31
BRF:16
BRH:14
end_of_record
TN:
SF:src\app\features\catalog\pages\product-catalog-page\product-catalog-page.ts
FN:36,(anonymous_0)
FN:38,(anonymous_1)
FN:40,(anonymous_2)
FN:41,(anonymous_3)
FN:55,(anonymous_4)
FN:66,constructor
FN:76,retryLoadProducts
FN:81,(anonymous_7)
FN:85,(anonymous_8)
FN:92,onIncrement
FN:100,onDecrement
FN:104,onActivateCoupon
FN:108,onPay
FN:116,(anonymous_13)
FN:119,(anonymous_14)
FN:124,(anonymous_15)
FN:131,setProducts
FN:136,toPayErrorMessage
FN:20,template
FNF:19
FNH:19
FNDA:28,(anonymous_0)
FNDA:1,(anonymous_1)
FNDA:10,(anonymous_2)
FNDA:10,(anonymous_3)
FNDA:22,(anonymous_4)
FNDA:20,constructor
FNDA:2,retryLoadProducts
FNDA:1,(anonymous_7)
FNDA:1,(anonymous_8)
FNDA:2,onIncrement
FNDA:1,onDecrement
FNDA:1,onActivateCoupon
FNDA:5,onPay
FNDA:4,(anonymous_13)
FNDA:1,(anonymous_14)
FNDA:3,(anonymous_15)
FNDA:18,setProducts
FNDA:3,toPayErrorMessage
FNDA:1,template
DA:20,55
DA:21,20
DA:22,20
DA:23,20
DA:24,20
DA:25,20
DA:27,20
DA:28,20
DA:29,20
DA:30,20
DA:31,20
DA:32,20
DA:36,20
DA:37,28
DA:38,28
DA:40,28
DA:41,10
DA:42,10
DA:44,10
DA:55,20
DA:56,22
DA:57,22
DA:59,22
DA:60,20
DA:63,2
DA:67,20
DA:69,20
DA:70,17
DA:72,3
DA:77,2
DA:78,2
DA:80,2
DA:82,1
DA:83,1
DA:86,1
DA:87,1
DA:93,2
DA:94,1
DA:96,1
DA:101,1
DA:105,1
DA:109,5
DA:110,1
DA:113,4
DA:114,4
DA:116,4
DA:118,4
DA:120,1
DA:121,1
DA:122,1
DA:125,3
DA:126,3
DA:132,18
DA:133,18
DA:137,3
DA:138,1
DA:141,2
DA:142,1
DA:145,1
LF:59
LH:59
BRDA:38,0,0,28
BRDA:38,0,1,24
BRDA:46,1,0,10
BRDA:46,1,1,0
BRDA:47,2,0,10
BRDA:47,2,1,0
BRDA:49,3,0,10
BRDA:49,3,1,9
BRDA:49,4,0,9
BRDA:49,4,1,0
BRDA:50,5,0,10
BRDA:50,5,1,0
BRDA:59,6,0,20
BRDA:59,6,1,2
BRDA:59,7,0,22
BRDA:59,7,1,3
BRDA:59,7,2,3
BRDA:69,8,0,17
BRDA:69,8,1,3
BRDA:93,9,0,1
BRDA:93,9,1,1
BRDA:109,10,0,1
BRDA:109,10,1,4
BRDA:109,11,0,5
BRDA:109,11,1,4
BRDA:137,12,0,1
BRDA:137,12,1,2
BRDA:141,13,0,1
BRDA:141,13,1,1
BRDA:20,14,0,20
BRDA:20,14,1,20
BRDA:20,15,0,20
BRDA:20,15,1,35
BRDA:20,16,0,1
BRDA:20,16,1,1
BRDA:20,16,2,1
BRDA:20,17,0,1
BRDA:20,17,1,1
BRDA:20,17,2,1
BRF:39
BRH:35
end_of_record
TN:
SF:src\app\features\catalog\pages\product-catalog-page\product-catalog.resolver.ts
FN:7,(anonymous_0)
FN:10,(anonymous_1)
FNF:2
FNH:2
FNDA:2,(anonymous_0)
FNDA:1,(anonymous_1)
DA:7,1
DA:8,2
DA:10,2
LF:3
LH:3
BRF:0
BRH:0
end_of_record
TN:
SF:src\app\features\checkout\data-access\cart-state.service.ts
FN:24,(anonymous_0)
FN:24,(anonymous_1)
FN:26,(anonymous_2)
FN:27,(anonymous_3)
FN:30,(anonymous_4)
FN:34,(anonymous_5)
FN:38,(anonymous_6)
FN:44,constructor
FN:48,(anonymous_8)
FN:56,(anonymous_9)
FN:64,(anonymous_10)
FN:73,(anonymous_11)
FN:80,setProducts
FN:81,(anonymous_13)
FN:84,quantityOf
FN:88,stockOf
FN:92,productOf
FN:96,addItem
FN:100,(anonymous_18)
FN:103,incrementItem
FN:105,(anonymous_20)
FN:106,(anonymous_21)
FN:114,decrementItem
FN:115,(anonymous_23)
FN:117,(anonymous_24)
FN:120,(anonymous_25)
FN:124,applyCoupon
FN:128,retryDiscountCalculation
FN:129,(anonymous_28)
FN:132,resetCart
FN:139,unitPriceOf
FNF:31
FNH:29
FNDA:2,(anonymous_0)
FNDA:2,(anonymous_1)
FNDA:1,(anonymous_2)
FNDA:2,(anonymous_3)
FNDA:2,(anonymous_4)
FNDA:0,(anonymous_5)
FNDA:33,(anonymous_6)
FNDA:17,constructor
FNDA:21,(anonymous_8)
FNDA:14,(anonymous_9)
FNDA:2,(anonymous_10)
FNDA:11,(anonymous_11)
FNDA:17,setProducts
FNDA:34,(anonymous_13)
FNDA:2,quantityOf
FNDA:23,stockOf
FNDA:0,productOf
FNDA:18,addItem
FNDA:17,(anonymous_18)
FNDA:5,incrementItem
FNDA:5,(anonymous_20)
FNDA:5,(anonymous_21)
FNDA:1,decrementItem
FNDA:1,(anonymous_23)
FNDA:1,(anonymous_24)
FNDA:1,(anonymous_25)
FNDA:2,applyCoupon
FNDA:1,retryDiscountCalculation
FNDA:1,(anonymous_28)
FNDA:1,resetCart
FNDA:2,unitPriceOf
DA:10,2
DA:13,17
DA:14,17
DA:16,17
DA:18,17
DA:19,17
DA:20,17
DA:21,17
DA:22,17
DA:24,17
DA:26,17
DA:27,2
DA:30,17
DA:34,17
DA:36,17
DA:38,33
DA:45,17
DA:49,21
DA:50,8
DA:51,8
DA:52,8
DA:53,8
DA:56,14
DA:61,13
DA:63,13
DA:65,2
DA:66,2
DA:67,2
DA:74,11
DA:75,11
DA:76,11
DA:81,34
DA:85,2
DA:89,23
DA:93,0
DA:97,18
DA:98,1
DA:100,17
DA:104,5
DA:105,5
DA:106,5
DA:107,5
DA:115,1
DA:116,1
DA:118,1
DA:120,1
DA:125,2
DA:129,1
DA:133,1
DA:134,1
DA:135,1
DA:136,1
DA:140,2
LF:53
LH:52
BRDA:31,0,0,2
BRDA:31,0,1,0
BRDA:49,1,0,8
BRDA:49,1,1,13
BRDA:85,2,0,2
BRDA:85,2,1,0
BRDA:89,3,0,23
BRDA:89,3,1,1
BRDA:97,4,0,1
BRDA:97,4,1,17
BRDA:107,5,0,4
BRDA:107,5,1,1
BRDA:107,6,0,5
BRDA:107,6,1,5
BRDA:118,7,0,1
BRDA:118,7,1,0
BRDA:140,8,0,2
BRDA:140,8,1,0
BRDA:13,9,0,17
BRDA:13,9,1,17
BRDA:13,10,0,2
BRDA:13,10,1,2
BRDA:13,10,2,2
BRF:23
BRH:19
end_of_record
TN:
SF:src\app\features\checkout\data-access\discount.service.ts
FN:13,calculate
FNF:1
FNH:1
FNDA:3,calculate
DA:9,3
DA:10,3
DA:11,3
DA:14,3
DA:15,3
LF:5
LH:5
BRDA:9,0,0,3
BRDA:9,0,1,3
BRDA:9,1,0,2
BRDA:9,1,1,2
BRDA:9,1,2,2
BRF:5
BRH:5
end_of_record
TN:
SF:src\app\features\checkout\data-access\order.service.ts
FN:13,placeOrder
FN:18,getOrder
FNF:2
FNH:2
FNDA:2,placeOrder
FNDA:1,getOrder
DA:9,3
DA:10,3
DA:11,3
DA:14,2
DA:15,2
DA:19,1
LF:6
LH:6
BRDA:9,0,0,3
BRDA:9,0,1,3
BRDA:9,1,0,1
BRDA:9,1,1,1
BRDA:9,1,2,1
BRF:5
BRH:5
end_of_record
TN:
SF:src\app\features\checkout\pages\order-result-page\order-result-page.html
FNF:0
FNH:0
DA:1,2
DA:2,1
DA:3,1
DA:4,1
LF:4
LH:4
BRDA:1,0,0,1
BRDA:1,0,1,1
BRF:2
BRH:2
end_of_record
TN:
SF:src\app\features\checkout\pages\order-result-page\order-result-page.ts
FN:19,constructor
FN:13,template
FNF:2
FNH:2
FNDA:2,constructor
FNDA:1,template
DA:13,4
DA:14,2
DA:15,2
DA:20,2
DA:21,2
DA:23,2
DA:24,1
LF:7
LH:7
BRDA:23,0,0,1
BRDA:23,0,1,1
BRDA:13,1,0,2
BRDA:13,1,1,2
BRDA:13,2,0,2
BRDA:13,2,1,2
BRDA:13,3,0,1
BRDA:13,3,1,1
BRDA:13,3,2,1
BRDA:13,4,0,1
BRDA:13,4,1,1
BRDA:13,4,2,1
BRF:12
BRH:12
end_of_record
TN:
SF:src\app\features\checkout\pages\order-result-page\order-result.resolver.ts
FN:7,(anonymous_0)
FN:11,(anonymous_1)
FNF:2
FNH:2
FNDA:3,(anonymous_0)
FNDA:1,(anonymous_1)
DA:7,1
DA:8,3
DA:9,3
DA:11,3
LF:4
LH:4
BRDA:9,0,0,3
BRDA:9,0,1,1
BRF:2
BRH:2
end_of_record
TN:
SF:src\app\shared\ui\atoms\discount-cap-alert\discount-cap-alert.html
FNF:0
FNH:0
DA:1,5
DA:2,4
DA:3,4
DA:4,4
LF:4
LH:4
BRDA:1,0,0,4
BRDA:1,0,1,1
BRF:2
BRH:2
end_of_record
TN:
SF:src\app\shared\ui\atoms\discount-cap-alert\discount-cap-alert.ts
FN:8,template
FNF:1
FNH:1
FNDA:2,template
DA:8,10
DA:9,5
LF:2
LH:2
BRDA:8,0,0,5
BRDA:8,0,1,5
BRDA:8,1,0,5
BRDA:8,1,1,5
BRDA:8,2,0,2
BRDA:8,2,1,2
BRDA:8,2,2,2
BRDA:8,3,0,2
BRDA:8,3,1,2
BRDA:8,3,2,2
BRF:10
BRH:10
end_of_record
TN:
SF:src\app\shared\ui\molecules\coupon-form\coupon-form.html
FN:1,CouponForm_Template_form_submit_0_listener
FN:9,CouponForm_Template_ui_text_input_valueChange_1_listener
FNF:2
FNH:2
FNDA:4,CouponForm_Template_form_submit_0_listener
FNDA:3,CouponForm_Template_ui_text_input_valueChange_1_listener
DA:1,28
DA:2,28
DA:4,35
DA:9,28
DA:11,28
DA:15,35
DA:16,28
DA:18,35
DA:19,2
DA:21,2
DA:23,28
LF:11
LH:11
BRDA:4,0,0,35
BRDA:4,0,1,31
BRDA:18,1,0,39
BRDA:18,1,1,95
BRF:4
BRH:4
end_of_record
TN:
SF:src\app\shared\ui\molecules\coupon-form\coupon-form.ts
FN:20,onValueChange
FN:24,onSubmit
FN:12,template
FNF:3
FNH:3
FNDA:3,onValueChange
FNDA:4,onSubmit
FNDA:2,template
DA:12,63
DA:13,28
DA:14,28
DA:16,28
DA:18,28
DA:21,3
DA:25,4
DA:27,4
DA:28,2
DA:31,2
DA:32,2
LF:11
LH:11
BRDA:27,0,0,2
BRDA:27,0,1,2
BRDA:12,1,0,28
BRDA:12,1,1,28
BRDA:12,2,0,28
BRDA:12,2,1,35
BRDA:12,3,0,2
BRDA:12,3,1,2
BRDA:12,3,2,2
BRDA:12,4,0,2
BRDA:12,4,1,2
BRDA:12,4,2,2
BRF:12
BRH:12
end_of_record
TN:
SF:src\app\shared\ui\molecules\quantity-stepper\quantity-stepper.html
FN:6,QuantityStepper_Conditional_1_Template_ui_icon_button_click_0_listener
FN:12,QuantityStepper_Template_ui_icon_button_click_2_listener
FNF:2
FNH:2
FNDA:1,QuantityStepper_Conditional_1_Template_ui_icon_button_click_0_listener
FNDA:1,QuantityStepper_Template_ui_icon_button_click_2_listener
DA:1,85
DA:3,95
DA:5,95
DA:6,52
DA:7,52
DA:9,85
DA:11,95
DA:12,85
DA:13,85
LF:9
LH:9
BRDA:5,0,0,52
BRDA:5,0,1,43
BRF:2
BRH:2
end_of_record
TN:
SF:src\app\shared\ui\molecules\quantity-stepper\quantity-stepper.ts
FN:18,(anonymous_0)
FN:19,(anonymous_1)
FN:11,template
FNF:3
FNH:3
FNDA:95,(anonymous_0)
FNDA:95,(anonymous_1)
FNDA:2,template
DA:11,180
DA:12,85
DA:13,85
DA:15,85
DA:16,85
DA:18,95
DA:19,95
LF:7
LH:7
BRDA:11,0,0,85
BRDA:11,0,1,85
BRDA:11,1,0,85
BRDA:11,1,1,95
BRDA:11,2,0,2
BRDA:11,2,1,2
BRDA:11,2,2,2
BRDA:11,3,0,2
BRDA:11,3,1,2
BRDA:11,3,2,2
BRF:10
BRH:10
end_of_record
TN:
SF:src\app\shared\ui\organisms\cart-sidebar\cart-sidebar.html
FN:35,CartSidebar_Conditional_11_For_1_Template_ui_cart_item_row_increment_0_listener
FN:35,CartSidebar_Conditional_11_For_1_Template_ui_cart_item_row_decrement_0_listener
FN:68,CartSidebar_Conditional_12_Template_ui_coupon_form_activate_18_listener
FN:78,CartSidebar_Conditional_12_Template_ui_button_click_20_listener
FN:4,CartSidebar_Template_button_click_0_listener
FN:21,CartSidebar_Template_button_click_7_listener
FNF:6
FNH:6
FNDA:1,CartSidebar_Conditional_11_For_1_Template_ui_cart_item_row_increment_0_listener
FNDA:1,CartSidebar_Conditional_11_For_1_Template_ui_cart_item_row_decrement_0_listener
FNDA:1,CartSidebar_Conditional_12_Template_ui_coupon_form_activate_18_listener
FNDA:1,CartSidebar_Conditional_12_Template_ui_button_click_20_listener
FNDA:1,CartSidebar_Template_button_click_0_listener
FNDA:1,CartSidebar_Template_button_click_7_listener
DA:1,33
DA:4,33
DA:8,33
DA:9,49
DA:10,29
DA:12,33
DA:14,33
DA:17,49
DA:20,33
DA:21,33
DA:24,33
DA:25,49
DA:26,20
DA:28,29
DA:29,36
DA:30,45
DA:35,36
DA:40,33
DA:42,49
DA:43,29
DA:44,2
DA:46,4
DA:49,23
DA:51,23
DA:52,29
DA:54,23
DA:55,23
DA:56,29
DA:58,23
DA:59,23
DA:60,29
DA:64,23
DA:66,29
DA:68,1
DA:71,29
DA:72,4
DA:75,23
DA:77,29
DA:78,1
DA:80,29
DA:81,1
DA:83,22
DA:85,23
DA:87,33
LF:44
LH:44
BRDA:43,0,0,6
BRDA:43,0,1,50
BRDA:71,1,0,4
BRDA:71,1,1,25
BRDA:77,2,0,29
BRDA:77,2,1,28
BRDA:80,3,0,1
BRDA:80,3,1,28
BRDA:9,4,0,29
BRDA:9,4,1,20
BRDA:25,5,0,20
BRDA:25,5,1,29
BRDA:42,6,0,29
BRDA:42,6,1,20
BRF:14
BRH:14
end_of_record
TN:
SF:src\app\shared\ui\organisms\cart-sidebar\cart-sidebar.ts
FN:46,(anonymous_0)
FN:46,(anonymous_1)
FN:47,(anonymous_2)
FN:49,toggleOpen
FN:50,(anonymous_4)
FN:53,close
FN:26,template
FNF:7
FNH:7
FNDA:43,(anonymous_0)
FNDA:36,(anonymous_1)
FNDA:43,(anonymous_2)
FNDA:2,toggleOpen
FNDA:2,(anonymous_4)
FNDA:1,close
FNDA:2,template
DA:26,82
DA:27,33
DA:28,33
DA:29,33
DA:30,33
DA:31,33
DA:32,33
DA:33,33
DA:34,33
DA:35,33
DA:36,33
DA:37,33
DA:38,33
DA:40,33
DA:41,33
DA:42,33
DA:43,33
DA:45,33
DA:46,43
DA:47,43
DA:50,2
DA:54,1
LF:22
LH:22
BRDA:26,0,0,33
BRDA:26,0,1,33
BRDA:26,1,0,33
BRDA:26,1,1,49
BRDA:26,2,0,2
BRDA:26,2,1,2
BRDA:26,2,2,2
BRDA:26,3,0,2
BRDA:26,3,1,2
BRDA:26,3,2,2
BRF:10
BRH:10
end_of_record
TN:
SF:src\app\shared\ui\organisms\discount-breakdown-panel\discount-breakdown-panel.html
FNF:0
FNH:0
DA:1,7
DA:2,7
DA:3,4
DA:5,7
DA:6,1
DA:8,7
DA:9,3
DA:11,7
LF:8
LH:8
BRDA:2,0,0,4
BRDA:2,0,1,3
BRDA:5,1,0,1
BRDA:5,1,1,6
BRDA:8,2,0,3
BRDA:8,2,1,4
BRF:6
BRH:6
end_of_record
TN:
SF:src\app\shared\ui\organisms\discount-breakdown-panel\discount-breakdown-panel.ts
FN:15,hasType
FN:11,template
FNF:2
FNH:2
FNDA:21,hasType
FNDA:2,template
DA:11,14
DA:12,7
DA:13,7
DA:16,21
LF:4
LH:4
BRDA:11,0,0,7
BRDA:11,0,1,7
BRDA:11,1,0,7
BRDA:11,1,1,7
BRDA:11,2,0,2
BRDA:11,2,1,2
BRDA:11,2,2,2
BRDA:11,3,0,2
BRDA:11,3,1,2
BRDA:11,3,2,2
BRF:10
BRH:10
end_of_record
TN:
SF:src\app\shared\ui\organisms\order-summary\order-summary.html
FNF:0
FNH:0
DA:1,6
DA:3,6
DA:4,6
DA:7,6
DA:9,6
DA:10,6
DA:12,6
DA:13,6
DA:15,6
DA:16,6
DA:18,6
DA:20,6
DA:21,6
DA:22,1
DA:24,5
DA:25,5
DA:26,4
DA:27,4
DA:28,4
DA:31,5
DA:32,1
DA:33,1
DA:34,1
DA:37,5
DA:38,0
DA:39,0
DA:40,0
DA:43,5
DA:46,6
DA:48,6
DA:49,6
DA:51,6
DA:52,6
DA:53,6
DA:55,6
DA:56,6
DA:57,6
DA:61,6
DA:62,1
DA:64,6
LF:40
LH:37
BRDA:25,0,0,4
BRDA:25,0,1,1
BRDA:31,1,0,1
BRDA:31,1,1,4
BRDA:37,2,0,0
BRDA:37,2,1,5
BRDA:21,3,0,1
BRDA:21,3,1,5
BRDA:61,4,0,1
BRDA:61,4,1,5
BRF:10
BRH:9
end_of_record
TN:
SF:src\app\shared\ui\organisms\order-summary\order-summary.ts
FN:16,(anonymous_0)
FN:17,(anonymous_1)
FN:18,(anonymous_2)
FN:19,(anonymous_3)
FN:13,template
FNF:5
FNH:5
FNDA:6,(anonymous_0)
FNDA:5,(anonymous_1)
FNDA:5,(anonymous_2)
FNDA:5,(anonymous_3)
FNDA:1,template
DA:13,12
DA:14,6
DA:16,6
DA:17,6
DA:18,6
DA:19,6
LF:6
LH:6
BRDA:13,0,0,6
BRDA:13,0,1,6
BRDA:13,1,0,6
BRDA:13,1,1,6
BRDA:13,2,0,1
BRDA:13,2,1,1
BRDA:13,2,2,1
BRDA:13,3,0,1
BRDA:13,3,1,1
BRDA:13,3,2,1
BRF:10
BRH:10
end_of_record
TN:
SF:src\app\shared\ui\organisms\product-card\product-card.html
FN:11,ProductCard_Template_ui_quantity_stepper_increment_7_listener
FN:11,ProductCard_Template_ui_quantity_stepper_decrement_7_listener
FNF:2
FNH:1
FNDA:1,ProductCard_Template_ui_quantity_stepper_increment_7_listener
FNDA:0,ProductCard_Template_ui_quantity_stepper_decrement_7_listener
DA:1,54
DA:3,54
DA:4,54
DA:5,54
DA:6,44
DA:7,44
DA:9,54
DA:11,44
LF:8
LH:8
BRF:0
BRH:0
end_of_record
TN:
SF:src\app\shared\ui\organisms\product-card\product-card.ts
FN:19,(anonymous_0)
FN:12,template
FNF:2
FNH:2
FNDA:54,(anonymous_0)
FNDA:2,template
DA:12,98
DA:13,44
DA:14,44
DA:16,44
DA:17,44
DA:19,54
LF:6
LH:6
BRDA:12,0,0,44
BRDA:12,0,1,44
BRDA:12,1,0,44
BRDA:12,1,1,54
BRDA:12,2,0,2
BRDA:12,2,1,2
BRDA:12,2,2,2
BRDA:12,3,0,2
BRDA:12,3,1,2
BRDA:12,3,2,2
BRF:10
BRH:10
end_of_record
TN:
SF:src\app\shared\ui\organisms\product-grid\product-grid.html
FN:7,ProductGrid_For_2_Template_ui_product_card_increment_0_listener
FN:7,ProductGrid_For_2_Template_ui_product_card_decrement_0_listener
FNF:2
FNH:2
FNDA:1,ProductGrid_For_2_Template_ui_product_card_increment_0_listener
FNDA:1,ProductGrid_For_2_Template_ui_product_card_decrement_0_listener
DA:1,20
DA:2,30
DA:3,40
DA:5,60
DA:7,40
DA:11,20
LF:6
LH:6
BRF:0
BRH:0
end_of_record
TN:
SF:src\app\shared\ui\organisms\product-grid\product-grid.ts
FN:18,quantityOf
FN:11,template
FNF:2
FNH:2
FNDA:60,quantityOf
FNDA:1,template
DA:11,50
DA:12,20
DA:13,20
DA:15,20
DA:16,20
DA:19,60
LF:6
LH:6
BRDA:19,0,0,60
BRDA:19,0,1,49
BRDA:11,1,0,20
BRDA:11,1,1,20
BRDA:11,2,0,20
BRDA:11,2,1,30
BRDA:11,3,0,1
BRDA:11,3,1,1
BRDA:11,3,2,1
BRDA:11,4,0,1
BRDA:11,4,1,1
BRDA:11,4,2,1
BRF:12
BRH:12
end_of_record
